<?xml version="1.0" encoding="UTF-8"?>
<testsuite name="ar.edu.unq.desapp.grupoj.backenddesappapi.DtoTests" tests="1" skipped="0" failures="0" errors="0" timestamp="2021-06-08T15:36:17" hostname="ko-3" time="0.008">
  <properties/>
  <testcase name="createTitleDTO()" classname="ar.edu.unq.desapp.grupoj.backenddesappapi.DtoTests" time="0.008"/>
  <system-out><![CDATA[2021-06-08 12:36:17.138  INFO 22885 --- [    Test worker] .b.t.c.SpringBootTestContextBootstrapper : Neither @ContextConfiguration nor @ContextHierarchy found for test class [ar.edu.unq.desapp.grupoj.backenddesappapi.DtoTests], using SpringBootContextLoader
2021-06-08 12:36:17.139  INFO 22885 --- [    Test worker] o.s.t.c.support.AbstractContextLoader    : Could not detect default resource locations for test class [ar.edu.unq.desapp.grupoj.backenddesappapi.DtoTests]: no resource found for suffixes {-context.xml, Context.groovy}.
2021-06-08 12:36:17.139  INFO 22885 --- [    Test worker] t.c.s.AnnotationConfigContextLoaderUtils : Could not detect default configuration classes for test class [ar.edu.unq.desapp.grupoj.backenddesappapi.DtoTests]: DtoTests does not declare any static, non-private, non-final, nested classes annotated with @Configuration.
2021-06-08 12:36:17.141  INFO 22885 --- [    Test worker] .b.t.c.SpringBootTestContextBootstrapper : Found @SpringBootConfiguration ar.edu.unq.desapp.grupoj.backenddesappapi.BackendDesappApiApplication for test class ar.edu.unq.desapp.grupoj.backenddesappapi.DtoTests
2021-06-08 12:36:17.144  INFO 22885 --- [    Test worker] .b.t.c.SpringBootTestContextBootstrapper : Loaded default TestExecutionListener class names from location [META-INF/spring.factories]: [org.springframework.security.test.context.support.WithSecurityContextTestExecutionListener, org.springframework.security.test.context.support.ReactorContextTestExecutionListener, org.springframework.boot.test.autoconfigure.restdocs.RestDocsTestExecutionListener, org.springframework.boot.test.autoconfigure.web.client.MockRestServiceServerResetTestExecutionListener, org.springframework.boot.test.autoconfigure.web.servlet.MockMvcPrintOnlyOnFailureTestExecutionListener, org.springframework.boot.test.autoconfigure.web.servlet.WebDriverTestExecutionListener, org.springframework.boot.test.autoconfigure.webservices.client.MockWebServiceServerTestExecutionListener, org.springframework.boot.test.mock.mockito.MockitoTestExecutionListener, org.springframework.boot.test.mock.mockito.ResetMocksTestExecutionListener, org.springframework.test.context.web.ServletTestExecutionListener, org.springframework.test.context.support.DirtiesContextBeforeModesTestExecutionListener, org.springframework.test.context.event.ApplicationEventsTestExecutionListener, org.springframework.test.context.support.DependencyInjectionTestExecutionListener, org.springframework.test.context.support.DirtiesContextTestExecutionListener, org.springframework.test.context.transaction.TransactionalTestExecutionListener, org.springframework.test.context.jdbc.SqlScriptsTestExecutionListener, org.springframework.test.context.event.EventPublishingTestExecutionListener]
2021-06-08 12:36:17.145  INFO 22885 --- [    Test worker] .b.t.c.SpringBootTestContextBootstrapper : Using TestExecutionListeners: [org.springframework.test.context.web.ServletTestExecutionListener@40db878f, org.springframework.test.context.support.DirtiesContextBeforeModesTestExecutionListener@18746c7f, org.springframework.test.context.event.ApplicationEventsTestExecutionListener@44fc1b55, org.springframework.boot.test.mock.mockito.MockitoTestExecutionListener@74038f76, org.springframework.boot.test.autoconfigure.SpringBootDependencyInjectionTestExecutionListener@68789986, org.springframework.test.context.support.DirtiesContextTestExecutionListener@53d40762, org.springframework.test.context.transaction.TransactionalTestExecutionListener@775698fe, org.springframework.test.context.jdbc.SqlScriptsTestExecutionListener@1f46c15d, org.springframework.security.test.context.support.WithSecurityContextTestExecutionListener@33decf9a, org.springframework.test.context.event.EventPublishingTestExecutionListener@40c22194, org.springframework.security.test.context.support.ReactorContextTestExecutionListener@310d01a, org.springframework.boot.test.autoconfigure.restdocs.RestDocsTestExecutionListener@2af5b50c, org.springframework.boot.test.autoconfigure.web.client.MockRestServiceServerResetTestExecutionListener@6f121dd7, org.springframework.boot.test.autoconfigure.web.servlet.MockMvcPrintOnlyOnFailureTestExecutionListener@3e8d4f20, org.springframework.boot.test.autoconfigure.web.servlet.WebDriverTestExecutionListener@3b98c8eb, org.springframework.boot.test.autoconfigure.webservices.client.MockWebServiceServerTestExecutionListener@3cc24741, org.springframework.boot.test.mock.mockito.ResetMocksTestExecutionListener@434119ab]
]]></system-out>
  <system-err><![CDATA[]]></system-err>
</testsuite>
